Determining if the pthread_create exist failed with the following output:
Change Dir: /home/user/pj/cpp/crawler/build/CMakeFiles/CMakeTmp

Run Build Command:"/usr/bin/make" "cmTC_18cc9/fast"
/usr/bin/make -f CMakeFiles/cmTC_18cc9.dir/build.make CMakeFiles/cmTC_18cc9.dir/build
make[1]: Entering directory '/home/user/pj/cpp/crawler/build/CMakeFiles/CMakeTmp'
Building C object CMakeFiles/cmTC_18cc9.dir/CheckSymbolExists.c.o
/usr/bin/cc     -o CMakeFiles/cmTC_18cc9.dir/CheckSymbolExists.c.o   -c /home/user/pj/cpp/crawler/build/CMakeFiles/CMakeTmp/CheckSymbolExists.c
Linking C executable cmTC_18cc9
/usr/bin/cmake -E cmake_link_script CMakeFiles/cmTC_18cc9.dir/link.txt --verbose=1
/usr/bin/cc       CMakeFiles/cmTC_18cc9.dir/CheckSymbolExists.c.o  -o cmTC_18cc9 -rdynamic 
CMakeFiles/cmTC_18cc9.dir/CheckSymbolExists.c.o: In function `main':
CheckSymbolExists.c:(.text+0x16): undefined reference to `pthread_create'
collect2: error: ld returned 1 exit status
make[1]: *** [CMakeFiles/cmTC_18cc9.dir/build.make:98: cmTC_18cc9] Error 1
make[1]: Leaving directory '/home/user/pj/cpp/crawler/build/CMakeFiles/CMakeTmp'
make: *** [Makefile:126: cmTC_18cc9/fast] Error 2

File /home/user/pj/cpp/crawler/build/CMakeFiles/CMakeTmp/CheckSymbolExists.c:
/* */
#include <pthread.h>

int main(int argc, char** argv)
{
  (void)argv;
#ifndef pthread_create
  return ((int*)(&pthread_create))[argc];
#else
  (void)argc;
  return 0;
#endif
}

Determining if the function pthread_create exists in the pthreads failed with the following output:
Change Dir: /home/user/pj/cpp/crawler/build/CMakeFiles/CMakeTmp

Run Build Command:"/usr/bin/make" "cmTC_d462a/fast"
/usr/bin/make -f CMakeFiles/cmTC_d462a.dir/build.make CMakeFiles/cmTC_d462a.dir/build
make[1]: Entering directory '/home/user/pj/cpp/crawler/build/CMakeFiles/CMakeTmp'
Building C object CMakeFiles/cmTC_d462a.dir/CheckFunctionExists.c.o
/usr/bin/cc    -DCHECK_FUNCTION_EXISTS=pthread_create   -o CMakeFiles/cmTC_d462a.dir/CheckFunctionExists.c.o   -c /usr/share/cmake-3.6/Modules/CheckFunctionExists.c
Linking C executable cmTC_d462a
/usr/bin/cmake -E cmake_link_script CMakeFiles/cmTC_d462a.dir/link.txt --verbose=1
/usr/bin/cc   -DCHECK_FUNCTION_EXISTS=pthread_create    CMakeFiles/cmTC_d462a.dir/CheckFunctionExists.c.o  -o cmTC_d462a -rdynamic -lpthreads 
/usr/bin/ld: cannot find -lpthreads
collect2: error: ld returned 1 exit status
make[1]: *** [CMakeFiles/cmTC_d462a.dir/build.make:98: cmTC_d462a] Error 1
make[1]: Leaving directory '/home/user/pj/cpp/crawler/build/CMakeFiles/CMakeTmp'
make: *** [Makefile:126: cmTC_d462a/fast] Error 2


